date: 2014-05-06 14:09:23.104
argv: node /usr/bin/hexo g
os: Linux 3.13.0-8-generic linux ia32
version:
  hexo: 2.5.6
  http_parser: 1.0
  node: 0.10.28
  v8: 3.14.5.9
  ares: 1.9.0-DEV
  uv: 0.10.27
  zlib: 1.2.3
  modules: 11
  openssl: 1.0.1g
---

[debug] 14:09:22.582 Config file loaded
[debug] 14:09:22.584 Version info checked successfully
[debug] 14:09:22.604 Loading database.
[debug] 14:09:22.632 Script load successfully: fancybox.js
[debug] 14:09:22.686 Processed: favicon.ico
[debug] 14:09:22.692 Processed: img/586948_13491679379POY.jpg
[debug] 14:09:22.696 Processed: img/ssh.jpg
[debug] 14:09:22.709 Processed: LICENSE
[debug] 14:09:22.709 Processed: README.md
[debug] 14:09:22.709 Processed: _config.yml.backup
[debug] 14:09:22.710 Processed: scripts/fancybox.js
[debug] 14:09:22.810 Processed: source/css/_base/code.styl
[debug] 14:09:22.810 Processed: source/css/_base/font.styl
[debug] 14:09:22.811 Processed: source/css/_base/public.styl
[debug] 14:09:22.811 Processed: source/css/_base/variable.styl
[debug] 14:09:22.811 Processed: source/css/_partial/article.styl
[debug] 14:09:22.811 Processed: source/css/_partial/aside.styl
[debug] 14:09:22.811 Processed: source/css/_partial/comment.styl
[debug] 14:09:22.811 Processed: source/css/_partial/duoshuo.styl
[debug] 14:09:22.811 Processed: source/css/_partial/footer.styl
[debug] 14:09:22.811 Processed: source/css/_partial/gallery.styl
[debug] 14:09:22.811 Processed: source/css/_partial/header.styl
[debug] 14:09:22.811 Processed: source/css/_partial/helper.styl
[debug] 14:09:22.811 Processed: source/css/_partial/index.styl
[debug] 14:09:22.846 Processed: source/categories/index.md
[debug] 14:09:22.847 Processed: source/font/FontAwesome.otf
[debug] 14:09:22.849 Processed: source/font/coveredbyyourgrace-webfont.eot
[debug] 14:09:22.850 Processed: source/font/coveredbyyourgrace-webfont.svg
[debug] 14:09:22.858 Processed: source/font/coveredbyyourgrace-webfont.ttf
[debug] 14:09:22.860 Processed: source/font/coveredbyyourgrace-webfont.woff
[debug] 14:09:22.861 Processed: source/font/fontawesome-webfont.eot
[debug] 14:09:22.863 Processed: source/font/fontawesome-webfont.svg
[debug] 14:09:22.864 Processed: source/font/fontawesome-webfont.ttf
[debug] 14:09:22.865 Processed: source/font/fontawesome-webfont.woff
[debug] 14:09:22.866 Processed: source/img/author.jpg
[debug] 14:09:22.867 Processed: source/img/favicon.ico
[debug] 14:09:22.868 Processed: source/img/favicon.ico.backup
[debug] 14:09:22.869 Processed: source/img/logo.svg
[debug] 14:09:22.870 Processed: source/img/pacman.jpg
[debug] 14:09:22.871 Processed: source/js/jquery-2.1.0.min.js
[debug] 14:09:22.872 Processed: source/tags/index.md
[debug] 14:09:22.873 Processed: source/css/style.styl
[debug] 14:09:22.874 Processed: source/fancybox/blank.gif
[debug] 14:09:22.875 Processed: source/fancybox/fancybox_loading.gif
[debug] 14:09:22.879 Processed: source/fancybox/fancybox_loading@2x.gif
[debug] 14:09:22.880 Processed: source/fancybox/fancybox_overlay.png
[debug] 14:09:22.881 Processed: source/fancybox/fancybox_sprite.png
[debug] 14:09:22.882 Processed: source/fancybox/fancybox_sprite@2x.png
[debug] 14:09:22.883 Processed: source/fancybox/jquery.fancybox.css
[debug] 14:09:22.884 Processed: source/fancybox/jquery.fancybox.js
[debug] 14:09:22.885 Processed: source/fancybox/jquery.fancybox.pack.js
[debug] 14:09:22.886 Processed: source/fancybox/helpers/fancybox_buttons.png
[debug] 14:09:22.887 Processed: source/fancybox/helpers/jquery.fancybox-buttons.css
[debug] 14:09:22.888 Processed: source/fancybox/helpers/jquery.fancybox-buttons.js
[debug] 14:09:22.889 Processed: source/fancybox/helpers/jquery.fancybox-media.js
[debug] 14:09:22.890 Processed: source/fancybox/helpers/jquery.fancybox-thumbs.css
[debug] 14:09:22.891 Processed: source/fancybox/helpers/jquery.fancybox-thumbs.js
[debug] 14:09:22.893 Processed: layout/archive.ejs
[debug] 14:09:22.893 Processed: layout/category.ejs
[debug] 14:09:22.893 Processed: layout/index.ejs
[debug] 14:09:22.893 Processed: layout/layout.ejs
[debug] 14:09:22.894 Processed: layout/page.ejs
[debug] 14:09:22.894 Processed: layout/post.ejs
[debug] 14:09:22.894 Processed: layout/tag.ejs
[debug] 14:09:22.894 Processed: layout/_widget/archive.ejs
[debug] 14:09:22.894 Processed: layout/_widget/category.ejs
[debug] 14:09:22.894 Processed: layout/_widget/links.ejs
[debug] 14:09:22.894 Processed: layout/_widget/rss.ejs
[debug] 14:09:22.894 Processed: layout/_widget/tag.ejs
[debug] 14:09:22.894 Processed: layout/_widget/tagcloud.ejs
[debug] 14:09:22.894 Processed: layout/_partial/after_footer.ejs
[debug] 14:09:22.894 Processed: layout/_partial/archive.ejs
[debug] 14:09:22.894 Processed: layout/_partial/article.ejs
[debug] 14:09:22.894 Processed: layout/_partial/categories.ejs
[debug] 14:09:22.894 Processed: layout/_partial/footer.ejs
[debug] 14:09:22.894 Processed: layout/_partial/google_analytics.ejs
[debug] 14:09:22.894 Processed: layout/_partial/head.ejs
[debug] 14:09:22.894 Processed: layout/_partial/header.ejs
[debug] 14:09:22.894 Processed: layout/_partial/pagination.ejs
[debug] 14:09:22.894 Processed: layout/_partial/search.ejs
[debug] 14:09:22.894 Processed: layout/_partial/sidebar.ejs
[debug] 14:09:22.894 Processed: layout/_partial/tags.ejs
[debug] 14:09:22.894 Processed: layout/_partial/post/article.ejs
[debug] 14:09:22.894 Processed: layout/_partial/post/catetags.ejs
[debug] 14:09:22.894 Processed: layout/_partial/post/comment.ejs.backup
[debug] 14:09:22.894 Processed: layout/_partial/post/footer.ejs
[debug] 14:09:22.894 Processed: layout/_partial/post/gallery.ejs
[debug] 14:09:22.894 Processed: layout/_partial/post/header.ejs
[debug] 14:09:22.894 Processed: layout/_partial/post/jiathis.ejs
[debug] 14:09:22.894 Processed: layout/_partial/post/pagination.ejs
[debug] 14:09:22.907 Theme config loaded
[debug] 14:09:22.907 Processed: _config.yml
[debug] 14:09:22.908 Processed: languages/default.yml
[debug] 14:09:22.908 Processed: languages/zh-CN.yml
[debug] 14:09:22.909 Processed: languages/zh-TW.yml
[debug] 14:09:23.006 Processed: _posts/hello-world.md
[debug] 14:09:23.006 Processed: _posts/markdown-test-post.md
[debug] 14:09:23.010 Processed: layout/_partial/post/comment.ejs
[debug] 14:09:23.011 Processed: layout/_partial/post/comment.ejs.backup2
[debug] 14:09:23.011 Cache saved
[info] 14:09:23.027 Files loaded in 0.394s
[debug] 14:09:23.038 Public folder cleared: archives/index.html,archives/2014/index.html,archives/2014/05/index.html,index.html,2014/05/06/markdown-test-post/index.html,2014/05/05/hello-world/index.html,js/script.js,css/style.css,css/fonts/FontAwesome.otf,css/fonts/fontawesome-webfont.eot,css/fonts/fontawesome-webfont.svg,css/fonts/fontawesome-webfont.ttf,css/fonts/fontawesome-webfont.woff,css/images/banner.jpg,fancybox/blank.gif,fancybox/fancybox_loading.gif,fancybox/fancybox_loading@2x.gif,fancybox/fancybox_overlay.png,fancybox/fancybox_sprite.png,fancybox/fancybox_sprite@2x.png,fancybox/jquery.fancybox.css,fancybox/jquery.fancybox.js,fancybox/jquery.fancybox.pack.js,fancybox/helpers/fancybox_buttons.png,fancybox/helpers/jquery.fancybox-buttons.css,fancybox/helpers/jquery.fancybox-buttons.js,fancybox/helpers/jquery.fancybox-media.js,fancybox/helpers/jquery.fancybox-thumbs.css,fancybox/helpers/jquery.fancybox-thumbs.js,favicon.ico,js/gallery.js,js/jquery.imagesloaded.min.js,css/font/fontawesome-webfont.eot,css/font/fontawesome-webfont.svg,css/font/fontawesome-webfont.ttf,css/font/fontawesome-webfont.woff,img/586948_13491679379POY.jpg,img/ssh.jpg,css/main.css,css/fonts/icon.eot,css/fonts/icon.svg,css/fonts/icon.ttf,css/fonts/icon.woff,font/FontAwesome.otf,font/coveredbyyourgrace-webfont.eot,font/coveredbyyourgrace-webfont.svg,font/coveredbyyourgrace-webfont.ttf,font/coveredbyyourgrace-webfont.woff,font/fontawesome-webfont.eot,font/fontawesome-webfont.svg,font/fontawesome-webfont.ttf,font/fontawesome-webfont.woff,img/author.jpg,img/favicon.ico,img/logo.svg,img/pacman.jpg,js/jquery-2.1.0.min.js,img/favicon.ico.backup,categories/index.html,tags/index.html
[debug] 14:09:23.041 Render archive: archives/
[debug] 14:09:23.044 Render archive: archives/2014/
[debug] 14:09:23.045 Render archive: archives/2014/05/
[debug] 14:09:23.045 Render index: 
[debug] 14:09:23.045 Render post: 2014/05/06/markdown-test-post/
[debug] 14:09:23.045 Render post: 2014/05/05/hello-world/
[error] 14:09:23.096 HexoError: Render failed: 2014/05/06/markdown-test-post/index.html
SyntaxError: /home/ptbsare/Programme/blog/github_hexo/themes/pacman/layout/post.ejs:1
 >> 1| <%- partial('_partial/post/article', {item: page, index: false,table: true}) %>

/home/ptbsare/Programme/blog/github_hexo/themes/pacman/layout/_partial/post/article.ejs:17
    15| 	</article>
    16| 	<%- partial('pagination') %>
 >> 17| 	<%- partial('comment') %>
    18| </div>  

Unexpected token ; in "/home/ptbsare/Programme/blog/github_hexo/themes/pacman/layout/_partial/post/comment.ejs"
    at Object.Function (<anonymous>)
    at exports.compile (/usr/lib/node_modules/hexo/node_modules/ejs/lib/ejs.js:242:14)
    at Object.exports.render (/usr/lib/node_modules/hexo/node_modules/ejs/lib/ejs.js:284:66)
    at module.exports (/usr/lib/node_modules/hexo/lib/plugins/renderer/ejs.js:5:14)
    at Object.exports.renderSync (/usr/lib/node_modules/hexo/lib/core/render.js:133:12)
    at View.renderSync (/usr/lib/node_modules/hexo/lib/theme/view.js:183:28)
    at Object.module.exports (/usr/lib/node_modules/hexo/lib/plugins/helper/partial.js:19:17)
    at eval (eval at <anonymous> (/usr/lib/node_modules/hexo/node_modules/ejs/lib/ejs.js:242:14), <anonymous>:29:809)
    at eval (eval at <anonymous> (/usr/lib/node_modules/hexo/node_modules/ejs/lib/ejs.js:242:14), <anonymous>:29:848)
    at /usr/lib/node_modules/hexo/node_modules/ejs/lib/ejs.js:255:15

[error] 14:09:23.102 HexoError: Render failed: 2014/05/05/hello-world/index.html
SyntaxError: /home/ptbsare/Programme/blog/github_hexo/themes/pacman/layout/post.ejs:1
 >> 1| <%- partial('_partial/post/article', {item: page, index: false,table: true}) %>

/home/ptbsare/Programme/blog/github_hexo/themes/pacman/layout/_partial/post/article.ejs:17
    15| 	</article>
    16| 	<%- partial('pagination') %>
 >> 17| 	<%- partial('comment') %>
    18| </div>  

Unexpected token ; in "/home/ptbsare/Programme/blog/github_hexo/themes/pacman/layout/_partial/post/comment.ejs"
    at Object.Function (<anonymous>)
    at exports.compile (/usr/lib/node_modules/hexo/node_modules/ejs/lib/ejs.js:242:14)
    at Object.exports.render (/usr/lib/node_modules/hexo/node_modules/ejs/lib/ejs.js:284:66)
    at module.exports (/usr/lib/node_modules/hexo/lib/plugins/renderer/ejs.js:5:14)
    at Object.exports.renderSync (/usr/lib/node_modules/hexo/lib/core/render.js:133:12)
    at View.renderSync (/usr/lib/node_modules/hexo/lib/theme/view.js:183:28)
    at Object.module.exports (/usr/lib/node_modules/hexo/lib/plugins/helper/partial.js:19:17)
    at eval (eval at <anonymous> (/usr/lib/node_modules/hexo/node_modules/ejs/lib/ejs.js:242:14), <anonymous>:29:809)
    at eval (eval at <anonymous> (/usr/lib/node_modules/hexo/node_modules/ejs/lib/ejs.js:242:14), <anonymous>:29:848)
    at /usr/lib/node_modules/hexo/node_modules/ejs/lib/ejs.js:255:15
[debug] 14:09:22.582 Config file loaded
[debug] 14:09:22.584 Version info checked successfully
[debug] 14:09:22.604 Loading database.
[debug] 14:09:22.632 Script load successfully: fancybox.js
[debug] 14:09:22.686 Processed: favicon.ico
[debug] 14:09:22.692 Processed: img/586948_13491679379POY.jpg
[debug] 14:09:22.696 Processed: img/ssh.jpg
[debug] 14:09:22.709 Processed: LICENSE
[debug] 14:09:22.709 Processed: README.md
[debug] 14:09:22.709 Processed: _config.yml.backup
[debug] 14:09:22.710 Processed: scripts/fancybox.js
[debug] 14:09:22.810 Processed: source/css/_base/code.styl
[debug] 14:09:22.810 Processed: source/css/_base/font.styl
[debug] 14:09:22.811 Processed: source/css/_base/public.styl
[debug] 14:09:22.811 Processed: source/css/_base/variable.styl
[debug] 14:09:22.811 Processed: source/css/_partial/article.styl
[debug] 14:09:22.811 Processed: source/css/_partial/aside.styl
[debug] 14:09:22.811 Processed: source/css/_partial/comment.styl
[debug] 14:09:22.811 Processed: source/css/_partial/duoshuo.styl
[debug] 14:09:22.811 Processed: source/css/_partial/footer.styl
[debug] 14:09:22.811 Processed: source/css/_partial/gallery.styl
[debug] 14:09:22.811 Processed: source/css/_partial/header.styl
[debug] 14:09:22.811 Processed: source/css/_partial/helper.styl
[debug] 14:09:22.811 Processed: source/css/_partial/index.styl
[debug] 14:09:22.846 Processed: source/categories/index.md
[debug] 14:09:22.847 Processed: source/font/FontAwesome.otf
[debug] 14:09:22.849 Processed: source/font/coveredbyyourgrace-webfont.eot
[debug] 14:09:22.850 Processed: source/font/coveredbyyourgrace-webfont.svg
[debug] 14:09:22.858 Processed: source/font/coveredbyyourgrace-webfont.ttf
[debug] 14:09:22.860 Processed: source/font/coveredbyyourgrace-webfont.woff
[debug] 14:09:22.861 Processed: source/font/fontawesome-webfont.eot
[debug] 14:09:22.863 Processed: source/font/fontawesome-webfont.svg
[debug] 14:09:22.864 Processed: source/font/fontawesome-webfont.ttf
[debug] 14:09:22.865 Processed: source/font/fontawesome-webfont.woff
[debug] 14:09:22.866 Processed: source/img/author.jpg
[debug] 14:09:22.867 Processed: source/img/favicon.ico
[debug] 14:09:22.868 Processed: source/img/favicon.ico.backup
[debug] 14:09:22.869 Processed: source/img/logo.svg
[debug] 14:09:22.870 Processed: source/img/pacman.jpg
[debug] 14:09:22.871 Processed: source/js/jquery-2.1.0.min.js
[debug] 14:09:22.872 Processed: source/tags/index.md
[debug] 14:09:22.873 Processed: source/css/style.styl
[debug] 14:09:22.874 Processed: source/fancybox/blank.gif
[debug] 14:09:22.875 Processed: source/fancybox/fancybox_loading.gif
[debug] 14:09:22.879 Processed: source/fancybox/fancybox_loading@2x.gif
[debug] 14:09:22.880 Processed: source/fancybox/fancybox_overlay.png
[debug] 14:09:22.881 Processed: source/fancybox/fancybox_sprite.png
[debug] 14:09:22.882 Processed: source/fancybox/fancybox_sprite@2x.png
[debug] 14:09:22.883 Processed: source/fancybox/jquery.fancybox.css
[debug] 14:09:22.884 Processed: source/fancybox/jquery.fancybox.js
[debug] 14:09:22.885 Processed: source/fancybox/jquery.fancybox.pack.js
[debug] 14:09:22.886 Processed: source/fancybox/helpers/fancybox_buttons.png
[debug] 14:09:22.887 Processed: source/fancybox/helpers/jquery.fancybox-buttons.css
[debug] 14:09:22.888 Processed: source/fancybox/helpers/jquery.fancybox-buttons.js
[debug] 14:09:22.889 Processed: source/fancybox/helpers/jquery.fancybox-media.js
[debug] 14:09:22.890 Processed: source/fancybox/helpers/jquery.fancybox-thumbs.css
[debug] 14:09:22.891 Processed: source/fancybox/helpers/jquery.fancybox-thumbs.js
[debug] 14:09:22.893 Processed: layout/archive.ejs
[debug] 14:09:22.893 Processed: layout/category.ejs
[debug] 14:09:22.893 Processed: layout/index.ejs
[debug] 14:09:22.893 Processed: layout/layout.ejs
[debug] 14:09:22.894 Processed: layout/page.ejs
[debug] 14:09:22.894 Processed: layout/post.ejs
[debug] 14:09:22.894 Processed: layout/tag.ejs
[debug] 14:09:22.894 Processed: layout/_widget/archive.ejs
[debug] 14:09:22.894 Processed: layout/_widget/category.ejs
[debug] 14:09:22.894 Processed: layout/_widget/links.ejs
[debug] 14:09:22.894 Processed: layout/_widget/rss.ejs
[debug] 14:09:22.894 Processed: layout/_widget/tag.ejs
[debug] 14:09:22.894 Processed: layout/_widget/tagcloud.ejs
[debug] 14:09:22.894 Processed: layout/_partial/after_footer.ejs
[debug] 14:09:22.894 Processed: layout/_partial/archive.ejs
[debug] 14:09:22.894 Processed: layout/_partial/article.ejs
[debug] 14:09:22.894 Processed: layout/_partial/categories.ejs
[debug] 14:09:22.894 Processed: layout/_partial/footer.ejs
[debug] 14:09:22.894 Processed: layout/_partial/google_analytics.ejs
[debug] 14:09:22.894 Processed: layout/_partial/head.ejs
[debug] 14:09:22.894 Processed: layout/_partial/header.ejs
[debug] 14:09:22.894 Processed: layout/_partial/pagination.ejs
[debug] 14:09:22.894 Processed: layout/_partial/search.ejs
[debug] 14:09:22.894 Processed: layout/_partial/sidebar.ejs
[debug] 14:09:22.894 Processed: layout/_partial/tags.ejs
[debug] 14:09:22.894 Processed: layout/_partial/post/article.ejs
[debug] 14:09:22.894 Processed: layout/_partial/post/catetags.ejs
[debug] 14:09:22.894 Processed: layout/_partial/post/comment.ejs.backup
[debug] 14:09:22.894 Processed: layout/_partial/post/footer.ejs
[debug] 14:09:22.894 Processed: layout/_partial/post/gallery.ejs
[debug] 14:09:22.894 Processed: layout/_partial/post/header.ejs
[debug] 14:09:22.894 Processed: layout/_partial/post/jiathis.ejs
[debug] 14:09:22.894 Processed: layout/_partial/post/pagination.ejs
[debug] 14:09:22.907 Theme config loaded
[debug] 14:09:22.907 Processed: _config.yml
[debug] 14:09:22.908 Processed: languages/default.yml
[debug] 14:09:22.908 Processed: languages/zh-CN.yml
[debug] 14:09:22.909 Processed: languages/zh-TW.yml
[debug] 14:09:23.006 Processed: _posts/hello-world.md
[debug] 14:09:23.006 Processed: _posts/markdown-test-post.md
[debug] 14:09:23.010 Processed: layout/_partial/post/comment.ejs
[debug] 14:09:23.011 Processed: layout/_partial/post/comment.ejs.backup2
[debug] 14:09:23.011 Cache saved
[info] 14:09:23.027 Files loaded in 0.394s
[debug] 14:09:23.038 Public folder cleared: archives/index.html,archives/2014/index.html,archives/2014/05/index.html,index.html,2014/05/06/markdown-test-post/index.html,2014/05/05/hello-world/index.html,js/script.js,css/style.css,css/fonts/FontAwesome.otf,css/fonts/fontawesome-webfont.eot,css/fonts/fontawesome-webfont.svg,css/fonts/fontawesome-webfont.ttf,css/fonts/fontawesome-webfont.woff,css/images/banner.jpg,fancybox/blank.gif,fancybox/fancybox_loading.gif,fancybox/fancybox_loading@2x.gif,fancybox/fancybox_overlay.png,fancybox/fancybox_sprite.png,fancybox/fancybox_sprite@2x.png,fancybox/jquery.fancybox.css,fancybox/jquery.fancybox.js,fancybox/jquery.fancybox.pack.js,fancybox/helpers/fancybox_buttons.png,fancybox/helpers/jquery.fancybox-buttons.css,fancybox/helpers/jquery.fancybox-buttons.js,fancybox/helpers/jquery.fancybox-media.js,fancybox/helpers/jquery.fancybox-thumbs.css,fancybox/helpers/jquery.fancybox-thumbs.js,favicon.ico,js/gallery.js,js/jquery.imagesloaded.min.js,css/font/fontawesome-webfont.eot,css/font/fontawesome-webfont.svg,css/font/fontawesome-webfont.ttf,css/font/fontawesome-webfont.woff,img/586948_13491679379POY.jpg,img/ssh.jpg,css/main.css,css/fonts/icon.eot,css/fonts/icon.svg,css/fonts/icon.ttf,css/fonts/icon.woff,font/FontAwesome.otf,font/coveredbyyourgrace-webfont.eot,font/coveredbyyourgrace-webfont.svg,font/coveredbyyourgrace-webfont.ttf,font/coveredbyyourgrace-webfont.woff,font/fontawesome-webfont.eot,font/fontawesome-webfont.svg,font/fontawesome-webfont.ttf,font/fontawesome-webfont.woff,img/author.jpg,img/favicon.ico,img/logo.svg,img/pacman.jpg,js/jquery-2.1.0.min.js,img/favicon.ico.backup,categories/index.html,tags/index.html
[debug] 14:09:23.041 Render archive: archives/
[debug] 14:09:23.044 Render archive: archives/2014/
[debug] 14:09:23.045 Render archive: archives/2014/05/
[debug] 14:09:23.045 Render index: 
[debug] 14:09:23.045 Render post: 2014/05/06/markdown-test-post/
[debug] 14:09:23.045 Render post: 2014/05/05/hello-world/
[error] 14:09:23.096 HexoError: Render failed: 2014/05/06/markdown-test-post/index.html
SyntaxError: /home/ptbsare/Programme/blog/github_hexo/themes/pacman/layout/post.ejs:1
 >> 1| <%- partial('_partial/post/article', {item: page, index: false,table: true}) %>

/home/ptbsare/Programme/blog/github_hexo/themes/pacman/layout/_partial/post/article.ejs:17
    15| 	</article>
    16| 	<%- partial('pagination') %>
 >> 17| 	<%- partial('comment') %>
    18| </div>  

Unexpected token ; in "/home/ptbsare/Programme/blog/github_hexo/themes/pacman/layout/_partial/post/comment.ejs"
    at Object.Function (<anonymous>)
    at exports.compile (/usr/lib/node_modules/hexo/node_modules/ejs/lib/ejs.js:242:14)
    at Object.exports.render (/usr/lib/node_modules/hexo/node_modules/ejs/lib/ejs.js:284:66)
    at module.exports (/usr/lib/node_modules/hexo/lib/plugins/renderer/ejs.js:5:14)
    at Object.exports.renderSync (/usr/lib/node_modules/hexo/lib/core/render.js:133:12)
    at View.renderSync (/usr/lib/node_modules/hexo/lib/theme/view.js:183:28)
    at Object.module.exports (/usr/lib/node_modules/hexo/lib/plugins/helper/partial.js:19:17)
    at eval (eval at <anonymous> (/usr/lib/node_modules/hexo/node_modules/ejs/lib/ejs.js:242:14), <anonymous>:29:809)
    at eval (eval at <anonymous> (/usr/lib/node_modules/hexo/node_modules/ejs/lib/ejs.js:242:14), <anonymous>:29:848)
    at /usr/lib/node_modules/hexo/node_modules/ejs/lib/ejs.js:255:15

[error] 14:09:23.102 HexoError: Render failed: 2014/05/05/hello-world/index.html
SyntaxError: /home/ptbsare/Programme/blog/github_hexo/themes/pacman/layout/post.ejs:1
 >> 1| <%- partial('_partial/post/article', {item: page, index: false,table: true}) %>

/home/ptbsare/Programme/blog/github_hexo/themes/pacman/layout/_partial/post/article.ejs:17
    15| 	</article>
    16| 	<%- partial('pagination') %>
 >> 17| 	<%- partial('comment') %>
    18| </div>  

Unexpected token ; in "/home/ptbsare/Programme/blog/github_hexo/themes/pacman/layout/_partial/post/comment.ejs"
    at Object.Function (<anonymous>)
    at exports.compile (/usr/lib/node_modules/hexo/node_modules/ejs/lib/ejs.js:242:14)
    at Object.exports.render (/usr/lib/node_modules/hexo/node_modules/ejs/lib/ejs.js:284:66)
    at module.exports (/usr/lib/node_modules/hexo/lib/plugins/renderer/ejs.js:5:14)
    at Object.exports.renderSync (/usr/lib/node_modules/hexo/lib/core/render.js:133:12)
    at View.renderSync (/usr/lib/node_modules/hexo/lib/theme/view.js:183:28)
    at Object.module.exports (/usr/lib/node_modules/hexo/lib/plugins/helper/partial.js:19:17)
    at eval (eval at <anonymous> (/usr/lib/node_modules/hexo/node_modules/ejs/lib/ejs.js:242:14), <anonymous>:29:809)
    at eval (eval at <anonymous> (/usr/lib/node_modules/hexo/node_modules/ejs/lib/ejs.js:242:14), <anonymous>:29:848)
    at /usr/lib/node_modules/hexo/node_modules/ejs/lib/ejs.js:255:15
